# CUDA_PROFILE_LOG_VERSION 2.0
# CUDA_DEVICE 0 GeForce 9400M
method,gputime,cputime,occupancy,branch,warp_serialize,cta_launched
method=[ _ZN6thrust6detail6device4cuda6detail23launch_closure_by_valueINS2_18for_each_n_closureINS_10device_ptrIyEEjNS0_16generate_functorINS0_12fill_functorIyEEEEEEEEvT_ ] gputime=[ 5.504 ] cputime=[ 782.528 ] occupancy=[ 0.500 ] branch=[ 14 ] warp_serialize=[ 0 ] cta_launched=[ 1 ] 
method=[ _ZN6thrust6detail6device4cuda6detail23launch_closure_by_valueINS2_18for_each_n_closureINS_10device_ptrIyEEjNS0_16generate_functorINS0_12fill_functorIyEEEEEEEEvT_ ] gputime=[ 2.880 ] cputime=[ 20.348 ] occupancy=[ 0.500 ] branch=[ 0 ] warp_serialize=[ 0 ] cta_launched=[ 1 ] 
method=[ _ZN6thrust6detail6device4cuda6detail23launch_closure_by_valueINS2_18for_each_n_closureINS_10device_ptrIyEEjNS0_16generate_functorINS0_12fill_functorIyEEEEEEEEvT_ ] gputime=[ 2.720 ] cputime=[ 20.804 ] occupancy=[ 0.500 ] branch=[ 14 ] warp_serialize=[ 0 ] cta_launched=[ 1 ] 
method=[ memcpyHtoD ] gputime=[ 2020.800 ] cputime=[ 2519.260 ] 
method=[ _ZN6thrust6detail6device4cuda6detail23launch_closure_by_valueINS2_18for_each_n_closureINS_10device_ptrIyEEjNS0_16generate_functorINS0_12fill_functorIyEEEEEEEEvT_ ] gputime=[ 726.688 ] cputime=[ 754.432 ] occupancy=[ 1.000 ] branch=[ 7836 ] warp_serialize=[ 0 ] cta_launched=[ 4 ] 
method=[ _ZN6thrust6detail6device4cuda6detail23launch_closure_by_valueINS2_18for_each_n_closureINS_12zip_iteratorINS_5tupleINS_18transform_iteratorIN9thrusting6detail8composerINSA_24uniform_int_distributionIiNS_6random26linear_congruential_engineIjLj48271ELj0ELj2147483647EEEEENSA_13rng_generatorImiSF_EEEENS_17counting_iteratorImNS_11use_defaultESL_SL_EESL_SL_EENS0_15normal_iteratorINS_10device_ptrIiEEEENS_9null_typeESS_SS_SS_SS_SS_SS_SS_EEEEjNS0_30device_unary_transform_functorINS_8identityIiEEEEEEEEvT_ ] gputime=[ 1917020.875 ] cputime=[ 1917053.750 ] occupancy=[ 0.333 ] branch=[ 86922090 ] warp_serialize=[ 0 ] cta_launched=[ 2 ] 
method=[ _ZN6thrust6detail6device4cuda6detail4b40c15RakingReductionIjNS4_12KeysOnlyTypeELi0ELi4ELi0ENS4_20PreprocessKeyFunctorIiEEEEvPbPiPT_SC_NS4_16CtaDecompositionE ] gputime=[ 1318.400 ] cputime=[ 1347.851 ] occupancy=[ 0.500 ] branch=[ 996 ] warp_serialize=[ 12 ] cta_launched=[ 8 ] 
method=[ _ZN6thrust6detail6device4cuda6detail4b40c13SrtsScanSpineIvEEvPiS6_i ] gputime=[ 7.392 ] cputime=[ 24.286 ] occupancy=[ 1.000 ] branch=[ 16 ] warp_serialize=[ 0 ] cta_launched=[ 8 ] 
method=[ _ZN6thrust6detail6device4cuda6detail4b40c17ScanScatterDigitsIjNS4_12KeysOnlyTypeELi0ELi4ELi0ENS4_20PreprocessKeyFunctorIiEENS4_10NopFunctorIjEEEEvPbPiPT_SE_PT0_SG_NS4_16CtaDecompositionE ] gputime=[ 8157.728 ] cputime=[ 8174.915 ] occupancy=[ 0.333 ] branch=[ 198048 ] warp_serialize=[ 256416 ] cta_launched=[ 8 ] 
method=[ _ZN6thrust6detail6device4cuda6detail4b40c15RakingReductionIjNS4_12KeysOnlyTypeELi1ELi4ELi4ENS4_10NopFunctorIjEEEEvPbPiPT_SC_NS4_16CtaDecompositionE ] gputime=[ 1220.832 ] cputime=[ 1238.648 ] occupancy=[ 0.500 ] branch=[ 996 ] warp_serialize=[ 12 ] cta_launched=[ 8 ] 
method=[ _ZN6thrust6detail6device4cuda6detail4b40c13SrtsScanSpineIvEEvPiS6_i ] gputime=[ 6.240 ] cputime=[ 25.150 ] occupancy=[ 1.000 ] branch=[ 16 ] warp_serialize=[ 0 ] cta_launched=[ 8 ] 
method=[ _ZN6thrust6detail6device4cuda6detail4b40c17ScanScatterDigitsIjNS4_12KeysOnlyTypeELi1ELi4ELi4ENS4_10NopFunctorIjEES8_EEvPbPiPT_SC_PT0_SE_NS4_16CtaDecompositionE ] gputime=[ 7903.264 ] cputime=[ 7921.372 ] occupancy=[ 0.333 ] branch=[ 168809 ] warp_serialize=[ 272905 ] cta_launched=[ 8 ] 
method=[ _ZN6thrust6detail6device4cuda6detail4b40c15RakingReductionIjNS4_12KeysOnlyTypeELi2ELi4ELi8ENS4_10NopFunctorIjEEEEvPbPiPT_SC_NS4_16CtaDecompositionE ] gputime=[ 1223.488 ] cputime=[ 1240.898 ] occupancy=[ 0.500 ] branch=[ 996 ] warp_serialize=[ 12 ] cta_launched=[ 8 ] 
method=[ _ZN6thrust6detail6device4cuda6detail4b40c13SrtsScanSpineIvEEvPiS6_i ] gputime=[ 6.880 ] cputime=[ 24.735 ] occupancy=[ 1.000 ] branch=[ 16 ] warp_serialize=[ 0 ] cta_launched=[ 8 ] 
method=[ _ZN6thrust6detail6device4cuda6detail4b40c17ScanScatterDigitsIjNS4_12KeysOnlyTypeELi2ELi4ELi8ENS4_10NopFunctorIjEES8_EEvPbPiPT_SC_PT0_SE_NS4_16CtaDecompositionE ] gputime=[ 16.704 ] cputime=[ 34.564 ] occupancy=[ 0.333 ] branch=[ 220 ] warp_serialize=[ 1156 ] cta_launched=[ 8 ] 
method=[ _ZN6thrust6detail6device4cuda6detail4b40c15RakingReductionIjNS4_12KeysOnlyTypeELi3ELi4ELi12ENS4_10NopFunctorIjEEEEvPbPiPT_SC_NS4_16CtaDecompositionE ] gputime=[ 1223.232 ] cputime=[ 1240.653 ] occupancy=[ 0.500 ] branch=[ 996 ] warp_serialize=[ 12 ] cta_launched=[ 8 ] 
method=[ _ZN6thrust6detail6device4cuda6detail4b40c13SrtsScanSpineIvEEvPiS6_i ] gputime=[ 6.720 ] cputime=[ 26.435 ] occupancy=[ 1.000 ] branch=[ 16 ] warp_serialize=[ 0 ] cta_launched=[ 8 ] 
method=[ _ZN6thrust6detail6device4cuda6detail4b40c17ScanScatterDigitsIjNS4_12KeysOnlyTypeELi3ELi4ELi12ENS4_10NopFunctorIjEES8_EEvPbPiPT_SC_PT0_SE_NS4_16CtaDecompositionE ] gputime=[ 17.120 ] cputime=[ 35.804 ] occupancy=[ 0.333 ] branch=[ 220 ] warp_serialize=[ 1191 ] cta_launched=[ 8 ] 
method=[ _ZN6thrust6detail6device4cuda6detail4b40c15RakingReductionIjNS4_12KeysOnlyTypeELi4ELi4ELi16ENS4_10NopFunctorIjEEEEvPbPiPT_SC_NS4_16CtaDecompositionE ] gputime=[ 1234.912 ] cputime=[ 1254.425 ] occupancy=[ 0.500 ] branch=[ 996 ] warp_serialize=[ 12 ] cta_launched=[ 8 ] 
method=[ _ZN6thrust6detail6device4cuda6detail4b40c13SrtsScanSpineIvEEvPiS6_i ] gputime=[ 7.680 ] cputime=[ 25.632 ] occupancy=[ 1.000 ] branch=[ 16 ] warp_serialize=[ 0 ] cta_launched=[ 8 ] 
method=[ _ZN6thrust6detail6device4cuda6detail4b40c17ScanScatterDigitsIjNS4_12KeysOnlyTypeELi4ELi4ELi16ENS4_10NopFunctorIjEES8_EEvPbPiPT_SC_PT0_SE_NS4_16CtaDecompositionE ] gputime=[ 15.776 ] cputime=[ 34.089 ] occupancy=[ 0.333 ] branch=[ 220 ] warp_serialize=[ 1109 ] cta_launched=[ 8 ] 
method=[ _ZN6thrust6detail6device4cuda6detail4b40c15RakingReductionIjNS4_12KeysOnlyTypeELi5ELi4ELi20ENS4_10NopFunctorIjEEEEvPbPiPT_SC_NS4_16CtaDecompositionE ] gputime=[ 1228.384 ] cputime=[ 1258.861 ] occupancy=[ 0.500 ] branch=[ 996 ] warp_serialize=[ 12 ] cta_launched=[ 8 ] 
method=[ _ZN6thrust6detail6device4cuda6detail4b40c13SrtsScanSpineIvEEvPiS6_i ] gputime=[ 6.144 ] cputime=[ 24.426 ] occupancy=[ 1.000 ] branch=[ 16 ] warp_serialize=[ 0 ] cta_launched=[ 8 ] 
method=[ _ZN6thrust6detail6device4cuda6detail4b40c17ScanScatterDigitsIjNS4_12KeysOnlyTypeELi5ELi4ELi20ENS4_10NopFunctorIjEES8_EEvPbPiPT_SC_PT0_SE_NS4_16CtaDecompositionE ] gputime=[ 16.448 ] cputime=[ 34.255 ] occupancy=[ 0.333 ] branch=[ 220 ] warp_serialize=[ 1178 ] cta_launched=[ 8 ] 
method=[ _ZN6thrust6detail6device4cuda6detail4b40c15RakingReductionIjNS4_12KeysOnlyTypeELi6ELi4ELi24ENS4_10NopFunctorIjEEEEvPbPiPT_SC_NS4_16CtaDecompositionE ] gputime=[ 1228.512 ] cputime=[ 1246.250 ] occupancy=[ 0.500 ] branch=[ 996 ] warp_serialize=[ 12 ] cta_launched=[ 8 ] 
method=[ _ZN6thrust6detail6device4cuda6detail4b40c13SrtsScanSpineIvEEvPiS6_i ] gputime=[ 7.840 ] cputime=[ 26.114 ] occupancy=[ 1.000 ] branch=[ 16 ] warp_serialize=[ 0 ] cta_launched=[ 8 ] 
method=[ _ZN6thrust6detail6device4cuda6detail4b40c17ScanScatterDigitsIjNS4_12KeysOnlyTypeELi6ELi4ELi24ENS4_10NopFunctorIjEES8_EEvPbPiPT_SC_PT0_SE_NS4_16CtaDecompositionE ] gputime=[ 16.448 ] cputime=[ 33.807 ] occupancy=[ 0.333 ] branch=[ 220 ] warp_serialize=[ 1178 ] cta_launched=[ 8 ] 
method=[ _ZN6thrust6detail6device4cuda6detail4b40c15RakingReductionIjNS4_12KeysOnlyTypeELi7ELi4ELi28ENS4_10NopFunctorIjEEEEvPbPiPT_SC_NS4_16CtaDecompositionE ] gputime=[ 1158.656 ] cputime=[ 1176.492 ] occupancy=[ 0.500 ] branch=[ 996 ] warp_serialize=[ 12 ] cta_launched=[ 8 ] 
method=[ _ZN6thrust6detail6device4cuda6detail4b40c13SrtsScanSpineIvEEvPiS6_i ] gputime=[ 7.840 ] cputime=[ 25.149 ] occupancy=[ 1.000 ] branch=[ 16 ] warp_serialize=[ 0 ] cta_launched=[ 8 ] 
method=[ _ZN6thrust6detail6device4cuda6detail4b40c17ScanScatterDigitsIjNS4_12KeysOnlyTypeELi7ELi4ELi28ENS4_10NopFunctorIjEENS4_21PostprocessKeyFunctorIiEEEEvPbPiPT_SE_PT0_SG_NS4_16CtaDecompositionE ] gputime=[ 12303.904 ] cputime=[ 12321.770 ] occupancy=[ 0.333 ] branch=[ 205320 ] warp_serialize=[ 81481 ] cta_launched=[ 8 ] 
method=[ memcpyDtoH ] gputime=[ 7.200 ] cputime=[ 24.652 ] 
method=[ memcpyDtoD ] gputime=[ 1510.400 ] cputime=[ 1545.545 ] 
method=[ _ZN6thrust6detail6device4cuda6detail23launch_closure_by_valueINS2_18for_each_n_closureINS_12zip_iteratorINS_5tupleINS0_15normal_iteratorINS_10device_ptrIiEEEESB_NS8_INS9_IjEEEENS_9null_typeESE_SE_SE_SE_SE_SE_EEEEjNS0_31device_binary_transform_functorINS0_13binary_negateINS_8equal_toIiEEEEEEEEEEvT_ ] gputime=[ 1751.360 ] cputime=[ 1770.439 ] occupancy=[ 1.000 ] branch=[ 15651 ] warp_serialize=[ 0 ] cta_launched=[ 4 ] 
method=[ memcpyHtoD ] gputime=[ 4.640 ] cputime=[ 10.320 ] 
method=[ _ZN6thrust6detail6device4cuda6detail23launch_closure_by_valueINS2_18for_each_n_closureINS_12zip_iteratorINS_5tupleINS0_15normal_iteratorINS_10device_ptrIiEEEESB_NS8_INS9_IjEEEENS_9null_typeESE_SE_SE_SE_SE_SE_EEEEjNS0_31device_binary_transform_functorINS0_13binary_negateINS_8equal_toIiEEEEEEEEEEvT_ ] gputime=[ 1378.272 ] cputime=[ 1396.378 ] occupancy=[ 1.000 ] branch=[ 15651 ] warp_serialize=[ 0 ] cta_launched=[ 4 ] 
method=[ memcpyHtoD ] gputime=[ 4.928 ] cputime=[ 3.086 ] 
method=[ _ZN6thrust6detail6device4cuda6detail9fast_scan14scan_intervalsILj128ELj6ENS_12zip_iteratorINS_5tupleINS0_15normal_iteratorINS_10device_ptrIiEEEENS8_INS9_IjEEEENS_9null_typeESE_SE_SE_SE_SE_SE_SE_EEEESG_NS1_7generic6detail21reduce_by_key_functorIijNS_4plusIiEEEEEEvT1_jjT2_PNS_14iterator_valueISO_E4typeET3_ ] gputime=[ 8164.096 ] cputime=[ 8181.513 ] occupancy=[ 0.333 ] branch=[ 116154 ] warp_serialize=[ 1436454 ] cta_launched=[ 4 ] 
method=[ _ZN6thrust6detail6device4cuda6detail9fast_scan14scan_intervalsILj128ELj6EPNS_5tupleIijNS_9null_typeES7_S7_S7_S7_S7_S7_S7_EES9_NS1_7generic6detail21reduce_by_key_functorIijNS_4plusIiEEEEEEvT1_jjT2_PNS_14iterator_valueISH_E4typeET3_ ] gputime=[ 691.456 ] cputime=[ 709.194 ] occupancy=[ 0.167 ] branch=[ 4082 ] warp_serialize=[ 216982 ] cta_launched=[ 1 ] 
method=[ _ZN6thrust6detail6device4cuda6detail9fast_scan16inclusive_updateILj256ENS_12zip_iteratorINS_5tupleINS0_15normal_iteratorINS_10device_ptrIiEEEENS8_INS9_IjEEEENS_9null_typeESE_SE_SE_SE_SE_SE_SE_EEEENS7_IijSE_SE_SE_SE_SE_SE_SE_SE_EENS1_7generic6detail21reduce_by_key_functorIijNS_4plusIiEEEEEEvT0_jjPT1_T2_ ] gputime=[ 2016.864 ] cputime=[ 2034.383 ] occupancy=[ 1.000 ] branch=[ 78072 ] warp_serialize=[ 0 ] cta_launched=[ 4 ] 
method=[ _ZN6thrust6detail6device4cuda6detail9fast_scan14scan_intervalsILj128ELj6ENS0_15normal_iteratorINS_10device_ptrIjEEEES9_NS_4plusIjEEEEvT1_jjT2_PNS_14iterator_valueISD_E4typeET3_ ] gputime=[ 4200.544 ] cputime=[ 4219.583 ] occupancy=[ 0.333 ] branch=[ 58123 ] warp_serialize=[ 233749 ] cta_launched=[ 4 ] 
method=[ _ZN6thrust6detail6device4cuda6detail9fast_scan14scan_intervalsILj128ELj6EPjS6_NS_4plusIjEEEEvT1_jjT2_PNS_14iterator_valueISA_E4typeET3_ ] gputime=[ 22.496 ] cputime=[ 40.017 ] occupancy=[ 0.167 ] branch=[ 0 ] warp_serialize=[ 0 ] cta_launched=[ 1 ] 
method=[ _ZN6thrust6detail6device4cuda6detail9fast_scan16exclusive_updateILj256ENS0_15normal_iteratorINS_10device_ptrIjEEEEjNS_4plusIjEEEEvT0_jjPT1_SD_T2_ ] gputime=[ 1810.656 ] cputime=[ 1828.299 ] occupancy=[ 1.000 ] branch=[ 95892 ] warp_serialize=[ 0 ] cta_launched=[ 4 ] 
method=[ memcpyDtoH ] gputime=[ 7.904 ] cputime=[ 26.593 ] 
method=[ _ZN6thrust6detail6device4cuda6detail23launch_closure_by_valueINS2_18for_each_n_closureINS_12zip_iteratorINS_5tupleINS0_15normal_iteratorINS_10device_ptrIiEEEENS8_INS9_IjEEEENS_20permutation_iteratorISB_SD_EENS_9null_typeESG_SG_SG_SG_SG_SG_EEEEjNS0_33device_unary_transform_if_functorINS_8identityIiEENSK_IjEEEEEEEEvT_ ] gputime=[ 862.336 ] cputime=[ 880.311 ] occupancy=[ 1.000 ] branch=[ 15650 ] warp_serialize=[ 0 ] cta_launched=[ 4 ] 
method=[ _ZN6thrust6detail6device4cuda6detail23launch_closure_by_valueINS2_18for_each_n_closureINS_12zip_iteratorINS_5tupleINS0_15normal_iteratorINS_10device_ptrIiEEEENS8_INS9_IjEEEENS_20permutation_iteratorISB_SD_EENS_9null_typeESG_SG_SG_SG_SG_SG_EEEEjNS0_33device_unary_transform_if_functorINS_8identityIiEENSK_IjEEEEEEEEvT_ ] gputime=[ 864.192 ] cputime=[ 881.863 ] occupancy=[ 1.000 ] branch=[ 15650 ] warp_serialize=[ 0 ] cta_launched=[ 4 ] 
method=[ memcpyDtoD ] gputime=[ 7.424 ] cputime=[ 29.872 ] 
method=[ _ZN6thrust6detail6device4cuda6detail23launch_closure_by_valueINS2_18for_each_n_closureINS_12zip_iteratorINS_5tupleINS0_15normal_iteratorINS_10device_ptrIiEEEENS_20permutation_iteratorISB_SB_EENS_9null_typeESE_SE_SE_SE_SE_SE_SE_EEEEjNS0_30device_unary_transform_functorINS_8identityIiEEEEEEEEvT_ ] gputime=[ 4.128 ] cputime=[ 33.407 ] occupancy=[ 0.500 ] branch=[ 0 ] warp_serialize=[ 0 ] cta_launched=[ 1 ] 
method=[ _ZN6thrust6detail6device4cuda6detail23launch_closure_by_valueINS2_18for_each_n_closureINS_12zip_iteratorINS_5tupleINS_17counting_iteratorIiNS_11use_defaultES9_S9_EENS0_15normal_iteratorINS_10device_ptrIiEEEENS_9null_typeESF_SF_SF_SF_SF_SF_SF_EEEEjNS1_7generic6detail21binary_search_functorISE_NS_4lessIiEENSJ_3lbfEEEEEEEvT_ ] gputime=[ 37.856 ] cputime=[ 55.259 ] occupancy=[ 0.500 ] branch=[ 108 ] warp_serialize=[ 0 ] cta_launched=[ 1 ] 
method=[ _ZN6thrust6detail6device4cuda6detail23launch_closure_by_valueINS2_18for_each_n_closureINS_12zip_iteratorINS_5tupleINS_17counting_iteratorIiNS_11use_defaultES9_S9_EENS0_15normal_iteratorINS_10device_ptrIiEEEENS_9null_typeESF_SF_SF_SF_SF_SF_SF_EEEEjNS1_7generic6detail21binary_search_functorISE_NS_4lessIiEENSJ_3ubfEEEEEEEvT_ ] gputime=[ 30.752 ] cputime=[ 48.592 ] occupancy=[ 0.500 ] branch=[ 0 ] warp_serialize=[ 0 ] cta_launched=[ 1 ] 
method=[ _ZN6thrust6detail6device4cuda6detail23launch_closure_by_valueINS2_18for_each_n_closureINS_12zip_iteratorINS_5tupleINS0_15normal_iteratorINS_10device_ptrIiEEEESB_SB_NS_9null_typeESC_SC_SC_SC_SC_SC_EEEEjNS0_31device_binary_transform_functorIN9thrusting6detail27BUCKET_INDEXING_LOCAL_MINUSIiiEEEEEEEEvT_ ] gputime=[ 3.808 ] cputime=[ 20.748 ] occupancy=[ 0.500 ] branch=[ 16 ] warp_serialize=[ 0 ] cta_launched=[ 1 ] 
method=[ _ZN6thrust6detail6device4cuda6detail23launch_closure_by_valueINS2_18for_each_n_closureINS_12zip_iteratorINS_5tupleINS0_15normal_iteratorINS_10device_ptrIiEEEESB_SB_NS_9null_typeESC_SC_SC_SC_SC_SC_EEEEjNS0_33device_unary_transform_if_functorIN9thrusting6detail16constant_functorIiiEENSH_9binder1stINSH_7flipperINS_8equal_toIiEEEEEEEEEEEEvT_ ] gputime=[ 3.584 ] cputime=[ 22.296 ] occupancy=[ 0.500 ] branch=[ 0 ] warp_serialize=[ 0 ] cta_launched=[ 1 ] 
method=[ memcpyHtoD ] gputime=[ 1984.448 ] cputime=[ 2381.429 ] 
method=[ _ZN6thrust6detail6device4cuda6detail23launch_closure_by_valueINS2_18for_each_n_closureINS_10device_ptrIyEEjNS0_16generate_functorINS0_12fill_functorIyEEEEEEEEvT_ ] gputime=[ 724.128 ] cputime=[ 756.391 ] occupancy=[ 1.000 ] branch=[ 7837 ] warp_serialize=[ 0 ] cta_launched=[ 4 ] 
method=[ _ZN6thrust6detail6device4cuda6detail23launch_closure_by_valueINS2_18for_each_n_closureINS_12zip_iteratorINS_5tupleINS_18transform_iteratorIN9thrusting6detail8composerINSA_24uniform_int_distributionIiNS_6random26linear_congruential_engineIjLj48271ELj0ELj2147483647EEEEENSA_13rng_generatorImiSF_EEEENS_17counting_iteratorImNS_11use_defaultESL_SL_EESL_SL_EENS0_15normal_iteratorINS_10device_ptrIiEEEENS_9null_typeESS_SS_SS_SS_SS_SS_SS_EEEEjNS0_30device_unary_transform_functorINS_8identityIiEEEEEEEEvT_ ] gputime=[ 1916973.000 ] cputime=[ 1916993.250 ] occupancy=[ 0.333 ] branch=[ 83633355 ] warp_serialize=[ 0 ] cta_launched=[ 2 ] 
method=[ _ZN6thrust6detail6device4cuda6detail4b40c15RakingReductionIjNS4_12KeysOnlyTypeELi0ELi4ELi0ENS4_20PreprocessKeyFunctorIiEEEEvPbPiPT_SC_NS4_16CtaDecompositionE ] gputime=[ 1327.552 ] cputime=[ 1928.493 ] occupancy=[ 0.500 ] branch=[ 948 ] warp_serialize=[ 12 ] cta_launched=[ 8 ] 
method=[ _ZN6thrust6detail6device4cuda6detail4b40c13SrtsScanSpineIvEEvPiS6_i ] gputime=[ 9.696 ] cputime=[ 1091.592 ] occupancy=[ 1.000 ] branch=[ 57 ] warp_serialize=[ 0 ] cta_launched=[ 8 ] 
method=[ _ZN6thrust6detail6device4cuda6detail4b40c17ScanScatterDigitsIjNS4_12KeysOnlyTypeELi0ELi4ELi0ENS4_20PreprocessKeyFunctorIiEENS4_10NopFunctorIjEEEEvPbPiPT_SE_PT0_SG_NS4_16CtaDecompositionE ] gputime=[ 8155.552 ] cputime=[ 9361.379 ] occupancy=[ 0.333 ] branch=[ 197784 ] warp_serialize=[ 254984 ] cta_launched=[ 8 ] 
method=[ _ZN6thrust6detail6device4cuda6detail4b40c15RakingReductionIjNS4_12KeysOnlyTypeELi1ELi4ELi4ENS4_10NopFunctorIjEEEEvPbPiPT_SC_NS4_16CtaDecompositionE ] gputime=[ 1222.880 ] cputime=[ 2264.746 ] occupancy=[ 0.500 ] branch=[ 948 ] warp_serialize=[ 12 ] cta_launched=[ 8 ] 
method=[ _ZN6thrust6detail6device4cuda6detail4b40c13SrtsScanSpineIvEEvPiS6_i ] gputime=[ 11.808 ] cputime=[ 505.055 ] occupancy=[ 1.000 ] branch=[ 57 ] warp_serialize=[ 0 ] cta_launched=[ 8 ] 
method=[ _ZN6thrust6detail6device4cuda6detail4b40c17ScanScatterDigitsIjNS4_12KeysOnlyTypeELi1ELi4ELi4ENS4_10NopFunctorIjEES8_EEvPbPiPT_SC_PT0_SE_NS4_16CtaDecompositionE ] gputime=[ 7976.288 ] cputime=[ 7996.768 ] occupancy=[ 0.333 ] branch=[ 171615 ] warp_serialize=[ 270591 ] cta_launched=[ 8 ] 
method=[ _ZN6thrust6detail6device4cuda6detail4b40c15RakingReductionIjNS4_12KeysOnlyTypeELi2ELi4ELi8ENS4_10NopFunctorIjEEEEvPbPiPT_SC_NS4_16CtaDecompositionE ] gputime=[ 1228.192 ] cputime=[ 2834.730 ] occupancy=[ 0.500 ] branch=[ 948 ] warp_serialize=[ 12 ] cta_launched=[ 8 ] 
method=[ _ZN6thrust6detail6device4cuda6detail4b40c13SrtsScanSpineIvEEvPiS6_i ] gputime=[ 7.200 ] cputime=[ 25.703 ] occupancy=[ 1.000 ] branch=[ 57 ] warp_serialize=[ 0 ] cta_launched=[ 8 ] 
method=[ _ZN6thrust6detail6device4cuda6detail4b40c17ScanScatterDigitsIjNS4_12KeysOnlyTypeELi2ELi4ELi8ENS4_10NopFunctorIjEES8_EEvPbPiPT_SC_PT0_SE_NS4_16CtaDecompositionE ] gputime=[ 16.320 ] cputime=[ 33.426 ] occupancy=[ 0.333 ] branch=[ 224 ] warp_serialize=[ 1146 ] cta_launched=[ 8 ] 
method=[ _ZN6thrust6detail6device4cuda6detail4b40c15RakingReductionIjNS4_12KeysOnlyTypeELi3ELi4ELi12ENS4_10NopFunctorIjEEEEvPbPiPT_SC_NS4_16CtaDecompositionE ] gputime=[ 1220.896 ] cputime=[ 1238.694 ] occupancy=[ 0.500 ] branch=[ 948 ] warp_serialize=[ 12 ] cta_launched=[ 8 ] 
method=[ _ZN6thrust6detail6device4cuda6detail4b40c13SrtsScanSpineIvEEvPiS6_i ] gputime=[ 6.880 ] cputime=[ 24.222 ] occupancy=[ 1.000 ] branch=[ 57 ] warp_serialize=[ 0 ] cta_launched=[ 8 ] 
method=[ _ZN6thrust6detail6device4cuda6detail4b40c17ScanScatterDigitsIjNS4_12KeysOnlyTypeELi3ELi4ELi12ENS4_10NopFunctorIjEES8_EEvPbPiPT_SC_PT0_SE_NS4_16CtaDecompositionE ] gputime=[ 16.256 ] cputime=[ 34.285 ] occupancy=[ 0.333 ] branch=[ 224 ] warp_serialize=[ 1150 ] cta_launched=[ 8 ] 
method=[ _ZN6thrust6detail6device4cuda6detail4b40c15RakingReductionIjNS4_12KeysOnlyTypeELi4ELi4ELi16ENS4_10NopFunctorIjEEEEvPbPiPT_SC_NS4_16CtaDecompositionE ] gputime=[ 1224.320 ] cputime=[ 1241.486 ] occupancy=[ 0.500 ] branch=[ 948 ] warp_serialize=[ 12 ] cta_launched=[ 8 ] 
method=[ _ZN6thrust6detail6device4cuda6detail4b40c13SrtsScanSpineIvEEvPiS6_i ] gputime=[ 6.912 ] cputime=[ 24.325 ] occupancy=[ 1.000 ] branch=[ 57 ] warp_serialize=[ 0 ] cta_launched=[ 8 ] 
method=[ _ZN6thrust6detail6device4cuda6detail4b40c17ScanScatterDigitsIjNS4_12KeysOnlyTypeELi4ELi4ELi16ENS4_10NopFunctorIjEES8_EEvPbPiPT_SC_PT0_SE_NS4_16CtaDecompositionE ] gputime=[ 16.736 ] cputime=[ 48.984 ] occupancy=[ 0.333 ] branch=[ 224 ] warp_serialize=[ 1158 ] cta_launched=[ 8 ] 
method=[ _ZN6thrust6detail6device4cuda6detail4b40c15RakingReductionIjNS4_12KeysOnlyTypeELi5ELi4ELi20ENS4_10NopFunctorIjEEEEvPbPiPT_SC_NS4_16CtaDecompositionE ] gputime=[ 1224.480 ] cputime=[ 1241.652 ] occupancy=[ 0.500 ] branch=[ 948 ] warp_serialize=[ 12 ] cta_launched=[ 8 ] 
method=[ _ZN6thrust6detail6device4cuda6detail4b40c13SrtsScanSpineIvEEvPiS6_i ] gputime=[ 6.848 ] cputime=[ 24.019 ] occupancy=[ 1.000 ] branch=[ 57 ] warp_serialize=[ 0 ] cta_launched=[ 8 ] 
method=[ _ZN6thrust6detail6device4cuda6detail4b40c17ScanScatterDigitsIjNS4_12KeysOnlyTypeELi5ELi4ELi20ENS4_10NopFunctorIjEES8_EEvPbPiPT_SC_PT0_SE_NS4_16CtaDecompositionE ] gputime=[ 15.904 ] cputime=[ 33.610 ] occupancy=[ 0.333 ] branch=[ 224 ] warp_serialize=[ 1145 ] cta_launched=[ 8 ] 
method=[ _ZN6thrust6detail6device4cuda6detail4b40c15RakingReductionIjNS4_12KeysOnlyTypeELi6ELi4ELi24ENS4_10NopFunctorIjEEEEvPbPiPT_SC_NS4_16CtaDecompositionE ] gputime=[ 1228.192 ] cputime=[ 1246.370 ] occupancy=[ 0.500 ] branch=[ 948 ] warp_serialize=[ 12 ] cta_launched=[ 8 ] 
method=[ _ZN6thrust6detail6device4cuda6detail4b40c13SrtsScanSpineIvEEvPiS6_i ] gputime=[ 6.336 ] cputime=[ 24.065 ] occupancy=[ 1.000 ] branch=[ 57 ] warp_serialize=[ 0 ] cta_launched=[ 8 ] 
method=[ _ZN6thrust6detail6device4cuda6detail4b40c17ScanScatterDigitsIjNS4_12KeysOnlyTypeELi6ELi4ELi24ENS4_10NopFunctorIjEES8_EEvPbPiPT_SC_PT0_SE_NS4_16CtaDecompositionE ] gputime=[ 16.480 ] cputime=[ 33.723 ] occupancy=[ 0.333 ] branch=[ 224 ] warp_serialize=[ 1145 ] cta_launched=[ 8 ] 
method=[ _ZN6thrust6detail6device4cuda6detail4b40c15RakingReductionIjNS4_12KeysOnlyTypeELi7ELi4ELi28ENS4_10NopFunctorIjEEEEvPbPiPT_SC_NS4_16CtaDecompositionE ] gputime=[ 1159.264 ] cputime=[ 1177.499 ] occupancy=[ 0.500 ] branch=[ 948 ] warp_serialize=[ 12 ] cta_launched=[ 8 ] 
method=[ _ZN6thrust6detail6device4cuda6detail4b40c13SrtsScanSpineIvEEvPiS6_i ] gputime=[ 7.328 ] cputime=[ 24.031 ] occupancy=[ 1.000 ] branch=[ 57 ] warp_serialize=[ 0 ] cta_launched=[ 8 ] 
method=[ _ZN6thrust6detail6device4cuda6detail4b40c17ScanScatterDigitsIjNS4_12KeysOnlyTypeELi7ELi4ELi28ENS4_10NopFunctorIjEENS4_21PostprocessKeyFunctorIiEEEEvPbPiPT_SE_PT0_SG_NS4_16CtaDecompositionE ] gputime=[ 12292.608 ] cputime=[ 12310.765 ] occupancy=[ 0.333 ] branch=[ 205442 ] warp_serialize=[ 81379 ] cta_launched=[ 8 ] 
method=[ memcpyDtoH ] gputime=[ 7.392 ] cputime=[ 26.209 ] 
method=[ memcpyDtoD ] gputime=[ 1510.432 ] cputime=[ 1540.027 ] 
method=[ _ZN6thrust6detail6device4cuda6detail23launch_closure_by_valueINS2_18for_each_n_closureINS_12zip_iteratorINS_5tupleINS0_15normal_iteratorINS_10device_ptrIiEEEESB_NS8_INS9_IjEEEENS_9null_typeESE_SE_SE_SE_SE_SE_EEEEjNS0_31device_binary_transform_functorINS0_13binary_negateINS_8equal_toIiEEEEEEEEEEvT_ ] gputime=[ 1752.096 ] cputime=[ 1769.599 ] occupancy=[ 1.000 ] branch=[ 15648 ] warp_serialize=[ 0 ] cta_launched=[ 4 ] 
method=[ memcpyHtoD ] gputime=[ 5.472 ] cputime=[ 4.006 ] 
method=[ _ZN6thrust6detail6device4cuda6detail23launch_closure_by_valueINS2_18for_each_n_closureINS_12zip_iteratorINS_5tupleINS0_15normal_iteratorINS_10device_ptrIiEEEESB_NS8_INS9_IjEEEENS_9null_typeESE_SE_SE_SE_SE_SE_EEEEjNS0_31device_binary_transform_functorINS0_13binary_negateINS_8equal_toIiEEEEEEEEEEvT_ ] gputime=[ 1368.640 ] cputime=[ 1386.831 ] occupancy=[ 1.000 ] branch=[ 15648 ] warp_serialize=[ 0 ] cta_launched=[ 4 ] 
method=[ memcpyHtoD ] gputime=[ 5.664 ] cputime=[ 3.170 ] 
method=[ _ZN6thrust6detail6device4cuda6detail9fast_scan14scan_intervalsILj128ELj6ENS_12zip_iteratorINS_5tupleINS0_15normal_iteratorINS_10device_ptrIiEEEENS8_INS9_IjEEEENS_9null_typeESE_SE_SE_SE_SE_SE_SE_EEEESG_NS1_7generic6detail21reduce_by_key_functorIijNS_4plusIiEEEEEEvT1_jjT2_PNS_14iterator_valueISO_E4typeET3_ ] gputime=[ 8388.704 ] cputime=[ 8406.373 ] occupancy=[ 0.333 ] branch=[ 116281 ] warp_serialize=[ 1478415 ] cta_launched=[ 4 ] 
method=[ _ZN6thrust6detail6device4cuda6detail9fast_scan14scan_intervalsILj128ELj6EPNS_5tupleIijNS_9null_typeES7_S7_S7_S7_S7_S7_S7_EES9_NS1_7generic6detail21reduce_by_key_functorIijNS_4plusIiEEEEEEvT1_jjT2_PNS_14iterator_valueISH_E4typeET3_ ] gputime=[ 692.672 ] cputime=[ 710.211 ] occupancy=[ 0.167 ] branch=[ 0 ] warp_serialize=[ 0 ] cta_launched=[ 1 ] 
method=[ _ZN6thrust6detail6device4cuda6detail9fast_scan16inclusive_updateILj256ENS_12zip_iteratorINS_5tupleINS0_15normal_iteratorINS_10device_ptrIiEEEENS8_INS9_IjEEEENS_9null_typeESE_SE_SE_SE_SE_SE_SE_EEEENS7_IijSE_SE_SE_SE_SE_SE_SE_SE_EENS1_7generic6detail21reduce_by_key_functorIijNS_4plusIiEEEEEEvT0_jjPT1_T2_ ] gputime=[ 2022.432 ] cputime=[ 2038.841 ] occupancy=[ 1.000 ] branch=[ 39144 ] warp_serialize=[ 0 ] cta_launched=[ 4 ] 
method=[ _ZN6thrust6detail6device4cuda6detail9fast_scan14scan_intervalsILj128ELj6ENS0_15normal_iteratorINS_10device_ptrIjEEEES9_NS_4plusIjEEEEvT1_jjT2_PNS_14iterator_valueISD_E4typeET3_ ] gputime=[ 4194.848 ] cputime=[ 4212.317 ] occupancy=[ 0.333 ] branch=[ 58076 ] warp_serialize=[ 188123 ] cta_launched=[ 4 ] 
method=[ _ZN6thrust6detail6device4cuda6detail9fast_scan14scan_intervalsILj128ELj6EPjS6_NS_4plusIjEEEEvT1_jjT2_PNS_14iterator_valueISA_E4typeET3_ ] gputime=[ 22.368 ] cputime=[ 40.142 ] occupancy=[ 0.167 ] branch=[ 243 ] warp_serialize=[ 0 ] cta_launched=[ 1 ] 
method=[ _ZN6thrust6detail6device4cuda6detail9fast_scan16exclusive_updateILj256ENS0_15normal_iteratorINS_10device_ptrIjEEEEjNS_4plusIjEEEEvT0_jjPT1_SD_T2_ ] gputime=[ 1801.696 ] cputime=[ 1819.766 ] occupancy=[ 1.000 ] branch=[ 95647 ] warp_serialize=[ 0 ] cta_launched=[ 4 ] 
method=[ memcpyDtoH ] gputime=[ 7.712 ] cputime=[ 25.742 ] 
method=[ _ZN6thrust6detail6device4cuda6detail23launch_closure_by_valueINS2_18for_each_n_closureINS_12zip_iteratorINS_5tupleINS0_15normal_iteratorINS_10device_ptrIiEEEENS8_INS9_IjEEEENS_20permutation_iteratorISB_SD_EENS_9null_typeESG_SG_SG_SG_SG_SG_EEEEjNS0_33device_unary_transform_if_functorINS_8identityIiEENSK_IjEEEEEEEEvT_ ] gputime=[ 865.408 ] cputime=[ 882.889 ] occupancy=[ 1.000 ] branch=[ 15648 ] warp_serialize=[ 0 ] cta_launched=[ 4 ] 
method=[ _ZN6thrust6detail6device4cuda6detail23launch_closure_by_valueINS2_18for_each_n_closureINS_12zip_iteratorINS_5tupleINS0_15normal_iteratorINS_10device_ptrIiEEEENS8_INS9_IjEEEENS_20permutation_iteratorISB_SD_EENS_9null_typeESG_SG_SG_SG_SG_SG_EEEEjNS0_33device_unary_transform_if_functorINS_8identityIiEENSK_IjEEEEEEEEvT_ ] gputime=[ 860.896 ] cputime=[ 890.762 ] occupancy=[ 1.000 ] branch=[ 15648 ] warp_serialize=[ 0 ] cta_launched=[ 4 ] 
method=[ memcpyDtoD ] gputime=[ 6.976 ] cputime=[ 29.902 ] 
method=[ _ZN6thrust6detail6device4cuda6detail23launch_closure_by_valueINS2_18for_each_n_closureINS_12zip_iteratorINS_5tupleINS0_15normal_iteratorINS_10device_ptrIiEEEENS_20permutation_iteratorISB_SB_EENS_9null_typeESE_SE_SE_SE_SE_SE_SE_EEEEjNS0_30device_unary_transform_functorINS_8identityIiEEEEEEEEvT_ ] gputime=[ 4.000 ] cputime=[ 22.915 ] occupancy=[ 0.500 ] branch=[ 16 ] warp_serialize=[ 0 ] cta_launched=[ 1 ] 
method=[ _ZN6thrust6detail6device4cuda6detail23launch_closure_by_valueINS2_18for_each_n_closureINS_12zip_iteratorINS_5tupleINS_17counting_iteratorIiNS_11use_defaultES9_S9_EENS0_15normal_iteratorINS_10device_ptrIiEEEENS_9null_typeESF_SF_SF_SF_SF_SF_SF_EEEEjNS1_7generic6detail21binary_search_functorISE_NS_4lessIiEENSJ_3lbfEEEEEEEvT_ ] gputime=[ 46.112 ] cputime=[ 64.504 ] occupancy=[ 0.500 ] branch=[ 0 ] warp_serialize=[ 0 ] cta_launched=[ 1 ] 
method=[ _ZN6thrust6detail6device4cuda6detail23launch_closure_by_valueINS2_18for_each_n_closureINS_12zip_iteratorINS_5tupleINS_17counting_iteratorIiNS_11use_defaultES9_S9_EENS0_15normal_iteratorINS_10device_ptrIiEEEENS_9null_typeESF_SF_SF_SF_SF_SF_SF_EEEEjNS1_7generic6detail21binary_search_functorISE_NS_4lessIiEENSJ_3ubfEEEEEEEvT_ ] gputime=[ 30.336 ] cputime=[ 47.555 ] occupancy=[ 0.500 ] branch=[ 109 ] warp_serialize=[ 0 ] cta_launched=[ 1 ] 
method=[ _ZN6thrust6detail6device4cuda6detail23launch_closure_by_valueINS2_18for_each_n_closureINS_12zip_iteratorINS_5tupleINS0_15normal_iteratorINS_10device_ptrIiEEEESB_SB_NS_9null_typeESC_SC_SC_SC_SC_SC_EEEEjNS0_31device_binary_transform_functorIN9thrusting6detail27BUCKET_INDEXING_LOCAL_MINUSIiiEEEEEEEEvT_ ] gputime=[ 4.160 ] cputime=[ 22.790 ] occupancy=[ 0.500 ] branch=[ 0 ] warp_serialize=[ 0 ] cta_launched=[ 1 ] 
method=[ _ZN6thrust6detail6device4cuda6detail23launch_closure_by_valueINS2_18for_each_n_closureINS_12zip_iteratorINS_5tupleINS0_15normal_iteratorINS_10device_ptrIiEEEESB_SB_NS_9null_typeESC_SC_SC_SC_SC_SC_EEEEjNS0_33device_unary_transform_if_functorIN9thrusting6detail16constant_functorIiiEENSH_9binder1stINSH_7flipperINS_8equal_toIiEEEEEEEEEEEEvT_ ] gputime=[ 3.648 ] cputime=[ 21.425 ] occupancy=[ 0.500 ] branch=[ 16 ] warp_serialize=[ 0 ] cta_launched=[ 1 ] 
method=[ memcpyHtoD ] gputime=[ 1987.744 ] cputime=[ 2384.526 ] 
method=[ _ZN6thrust6detail6device4cuda6detail23launch_closure_by_valueINS2_18for_each_n_closureINS_10device_ptrIyEEjNS0_16generate_functorINS0_12fill_functorIyEEEEEEEEvT_ ] gputime=[ 731.264 ] cputime=[ 759.742 ] occupancy=[ 1.000 ] branch=[ 7836 ] warp_serialize=[ 0 ] cta_launched=[ 4 ] 
method=[ _ZN6thrust6detail6device4cuda6detail23launch_closure_by_valueINS2_18for_each_n_closureINS_12zip_iteratorINS_5tupleINS_18transform_iteratorIN9thrusting6detail8composerINSA_24uniform_int_distributionIiNS_6random26linear_congruential_engineIjLj48271ELj0ELj2147483647EEEEENSA_13rng_generatorImiSF_EEEENS_17counting_iteratorImNS_11use_defaultESL_SL_EESL_SL_EENS0_15normal_iteratorINS_10device_ptrIiEEEENS_9null_typeESS_SS_SS_SS_SS_SS_SS_EEEEjNS0_30device_unary_transform_functorINS_8identityIiEEEEEEEEvT_ ] gputime=[ 1918435.875 ] cputime=[ 1918458.375 ] occupancy=[ 0.333 ] branch=[ 86922090 ] warp_serialize=[ 0 ] cta_launched=[ 2 ] 
method=[ _ZN6thrust6detail6device4cuda6detail4b40c15RakingReductionIjNS4_12KeysOnlyTypeELi0ELi4ELi0ENS4_20PreprocessKeyFunctorIiEEEEvPbPiPT_SC_NS4_16CtaDecompositionE ] gputime=[ 1320.960 ] cputime=[ 1904.757 ] occupancy=[ 0.500 ] branch=[ 948 ] warp_serialize=[ 12 ] cta_launched=[ 8 ] 
method=[ _ZN6thrust6detail6device4cuda6detail4b40c13SrtsScanSpineIvEEvPiS6_i ] gputime=[ 9.760 ] cputime=[ 1102.141 ] occupancy=[ 1.000 ] branch=[ 57 ] warp_serialize=[ 0 ] cta_launched=[ 8 ] 
method=[ _ZN6thrust6detail6device4cuda6detail4b40c17ScanScatterDigitsIjNS4_12KeysOnlyTypeELi0ELi4ELi0ENS4_20PreprocessKeyFunctorIiEENS4_10NopFunctorIjEEEEvPbPiPT_SE_PT0_SG_NS4_16CtaDecompositionE ] gputime=[ 8171.008 ] cputime=[ 9364.631 ] occupancy=[ 0.333 ] branch=[ 197784 ] warp_serialize=[ 259017 ] cta_launched=[ 8 ] 
method=[ _ZN6thrust6detail6device4cuda6detail4b40c15RakingReductionIjNS4_12KeysOnlyTypeELi1ELi4ELi4ENS4_10NopFunctorIjEEEEvPbPiPT_SC_NS4_16CtaDecompositionE ] gputime=[ 1236.000 ] cputime=[ 2275.837 ] occupancy=[ 0.500 ] branch=[ 948 ] warp_serialize=[ 12 ] cta_launched=[ 8 ] 
method=[ _ZN6thrust6detail6device4cuda6detail4b40c13SrtsScanSpineIvEEvPiS6_i ] gputime=[ 11.040 ] cputime=[ 497.212 ] occupancy=[ 1.000 ] branch=[ 57 ] warp_serialize=[ 0 ] cta_launched=[ 8 ] 
method=[ _ZN6thrust6detail6device4cuda6detail4b40c17ScanScatterDigitsIjNS4_12KeysOnlyTypeELi1ELi4ELi4ENS4_10NopFunctorIjEES8_EEvPbPiPT_SC_PT0_SE_NS4_16CtaDecompositionE ] gputime=[ 7967.040 ] cputime=[ 7986.137 ] occupancy=[ 0.333 ] branch=[ 171615 ] warp_serialize=[ 271059 ] cta_launched=[ 8 ] 
method=[ _ZN6thrust6detail6device4cuda6detail4b40c15RakingReductionIjNS4_12KeysOnlyTypeELi2ELi4ELi8ENS4_10NopFunctorIjEEEEvPbPiPT_SC_NS4_16CtaDecompositionE ] gputime=[ 1235.072 ] cputime=[ 1255.914 ] occupancy=[ 0.500 ] branch=[ 948 ] warp_serialize=[ 12 ] cta_launched=[ 8 ] 
method=[ _ZN6thrust6detail6device4cuda6detail4b40c13SrtsScanSpineIvEEvPiS6_i ] gputime=[ 6.976 ] cputime=[ 29.777 ] occupancy=[ 1.000 ] branch=[ 57 ] warp_serialize=[ 0 ] cta_launched=[ 8 ] 
method=[ _ZN6thrust6detail6device4cuda6detail4b40c17ScanScatterDigitsIjNS4_12KeysOnlyTypeELi2ELi4ELi8ENS4_10NopFunctorIjEES8_EEvPbPiPT_SC_PT0_SE_NS4_16CtaDecompositionE ] gputime=[ 15.424 ] cputime=[ 41.416 ] occupancy=[ 0.333 ] branch=[ 224 ] warp_serialize=[ 1139 ] cta_launched=[ 8 ] 
method=[ _ZN6thrust6detail6device4cuda6detail4b40c15RakingReductionIjNS4_12KeysOnlyTypeELi3ELi4ELi12ENS4_10NopFunctorIjEEEEvPbPiPT_SC_NS4_16CtaDecompositionE ] gputime=[ 1236.288 ] cputime=[ 1258.073 ] occupancy=[ 0.500 ] branch=[ 948 ] warp_serialize=[ 12 ] cta_launched=[ 8 ] 
method=[ _ZN6thrust6detail6device4cuda6detail4b40c13SrtsScanSpineIvEEvPiS6_i ] gputime=[ 8.064 ] cputime=[ 27.030 ] occupancy=[ 1.000 ] branch=[ 57 ] warp_serialize=[ 0 ] cta_launched=[ 8 ] 
method=[ _ZN6thrust6detail6device4cuda6detail4b40c17ScanScatterDigitsIjNS4_12KeysOnlyTypeELi3ELi4ELi12ENS4_10NopFunctorIjEES8_EEvPbPiPT_SC_PT0_SE_NS4_16CtaDecompositionE ] gputime=[ 15.296 ] cputime=[ 33.572 ] occupancy=[ 0.333 ] branch=[ 224 ] warp_serialize=[ 1146 ] cta_launched=[ 8 ] 
method=[ _ZN6thrust6detail6device4cuda6detail4b40c15RakingReductionIjNS4_12KeysOnlyTypeELi4ELi4ELi16ENS4_10NopFunctorIjEEEEvPbPiPT_SC_NS4_16CtaDecompositionE ] gputime=[ 1218.112 ] cputime=[ 1252.435 ] occupancy=[ 0.500 ] branch=[ 948 ] warp_serialize=[ 12 ] cta_launched=[ 8 ] 
method=[ _ZN6thrust6detail6device4cuda6detail4b40c13SrtsScanSpineIvEEvPiS6_i ] gputime=[ 7.296 ] cputime=[ 31.730 ] occupancy=[ 1.000 ] branch=[ 57 ] warp_serialize=[ 0 ] cta_launched=[ 8 ] 
method=[ _ZN6thrust6detail6device4cuda6detail4b40c17ScanScatterDigitsIjNS4_12KeysOnlyTypeELi4ELi4ELi16ENS4_10NopFunctorIjEES8_EEvPbPiPT_SC_PT0_SE_NS4_16CtaDecompositionE ] gputime=[ 17.504 ] cputime=[ 40.420 ] occupancy=[ 0.333 ] branch=[ 224 ] warp_serialize=[ 1170 ] cta_launched=[ 8 ] 
method=[ _ZN6thrust6detail6device4cuda6detail4b40c15RakingReductionIjNS4_12KeysOnlyTypeELi5ELi4ELi20ENS4_10NopFunctorIjEEEEvPbPiPT_SC_NS4_16CtaDecompositionE ] gputime=[ 1228.480 ] cputime=[ 1248.850 ] occupancy=[ 0.500 ] branch=[ 948 ] warp_serialize=[ 12 ] cta_launched=[ 8 ] 
method=[ _ZN6thrust6detail6device4cuda6detail4b40c13SrtsScanSpineIvEEvPiS6_i ] gputime=[ 6.432 ] cputime=[ 32.932 ] occupancy=[ 1.000 ] branch=[ 57 ] warp_serialize=[ 0 ] cta_launched=[ 8 ] 
method=[ _ZN6thrust6detail6device4cuda6detail4b40c17ScanScatterDigitsIjNS4_12KeysOnlyTypeELi5ELi4ELi20ENS4_10NopFunctorIjEES8_EEvPbPiPT_SC_PT0_SE_NS4_16CtaDecompositionE ] gputime=[ 20.864 ] cputime=[ 1603.929 ] occupancy=[ 0.333 ] branch=[ 224 ] warp_serialize=[ 1159 ] cta_launched=[ 8 ] 
method=[ _ZN6thrust6detail6device4cuda6detail4b40c15RakingReductionIjNS4_12KeysOnlyTypeELi6ELi4ELi24ENS4_10NopFunctorIjEEEEvPbPiPT_SC_NS4_16CtaDecompositionE ] gputime=[ 1225.280 ] cputime=[ 1243.684 ] occupancy=[ 0.500 ] branch=[ 948 ] warp_serialize=[ 12 ] cta_launched=[ 8 ] 
method=[ _ZN6thrust6detail6device4cuda6detail4b40c13SrtsScanSpineIvEEvPiS6_i ] gputime=[ 6.752 ] cputime=[ 24.369 ] occupancy=[ 1.000 ] branch=[ 57 ] warp_serialize=[ 0 ] cta_launched=[ 8 ] 
method=[ _ZN6thrust6detail6device4cuda6detail4b40c17ScanScatterDigitsIjNS4_12KeysOnlyTypeELi6ELi4ELi24ENS4_10NopFunctorIjEES8_EEvPbPiPT_SC_PT0_SE_NS4_16CtaDecompositionE ] gputime=[ 16.736 ] cputime=[ 35.175 ] occupancy=[ 0.333 ] branch=[ 224 ] warp_serialize=[ 1162 ] cta_launched=[ 8 ] 
method=[ _ZN6thrust6detail6device4cuda6detail4b40c15RakingReductionIjNS4_12KeysOnlyTypeELi7ELi4ELi28ENS4_10NopFunctorIjEEEEvPbPiPT_SC_NS4_16CtaDecompositionE ] gputime=[ 1158.560 ] cputime=[ 1176.172 ] occupancy=[ 0.500 ] branch=[ 948 ] warp_serialize=[ 12 ] cta_launched=[ 8 ] 
method=[ _ZN6thrust6detail6device4cuda6detail4b40c13SrtsScanSpineIvEEvPiS6_i ] gputime=[ 6.592 ] cputime=[ 23.457 ] occupancy=[ 1.000 ] branch=[ 57 ] warp_serialize=[ 0 ] cta_launched=[ 8 ] 
method=[ _ZN6thrust6detail6device4cuda6detail4b40c17ScanScatterDigitsIjNS4_12KeysOnlyTypeELi7ELi4ELi28ENS4_10NopFunctorIjEENS4_21PostprocessKeyFunctorIiEEEEvPbPiPT_SE_PT0_SG_NS4_16CtaDecompositionE ] gputime=[ 12260.928 ] cputime=[ 12278.218 ] occupancy=[ 0.333 ] branch=[ 205442 ] warp_serialize=[ 81701 ] cta_launched=[ 8 ] 
method=[ memcpyDtoH ] gputime=[ 7.424 ] cputime=[ 27.339 ] 
method=[ memcpyDtoD ] gputime=[ 1514.368 ] cputime=[ 1540.401 ] 
method=[ _ZN6thrust6detail6device4cuda6detail23launch_closure_by_valueINS2_18for_each_n_closureINS_12zip_iteratorINS_5tupleINS0_15normal_iteratorINS_10device_ptrIiEEEESB_NS8_INS9_IjEEEENS_9null_typeESE_SE_SE_SE_SE_SE_EEEEjNS0_31device_binary_transform_functorINS0_13binary_negateINS_8equal_toIiEEEEEEEEEEvT_ ] gputime=[ 1754.496 ] cputime=[ 1772.336 ] occupancy=[ 1.000 ] branch=[ 15648 ] warp_serialize=[ 0 ] cta_launched=[ 4 ] 
method=[ memcpyHtoD ] gputime=[ 5.408 ] cputime=[ 3.460 ] 
method=[ _ZN6thrust6detail6device4cuda6detail23launch_closure_by_valueINS2_18for_each_n_closureINS_12zip_iteratorINS_5tupleINS0_15normal_iteratorINS_10device_ptrIiEEEESB_NS8_INS9_IjEEEENS_9null_typeESE_SE_SE_SE_SE_SE_EEEEjNS0_31device_binary_transform_functorINS0_13binary_negateINS_8equal_toIiEEEEEEEEEEvT_ ] gputime=[ 1376.928 ] cputime=[ 1395.459 ] occupancy=[ 1.000 ] branch=[ 15648 ] warp_serialize=[ 0 ] cta_launched=[ 4 ] 
method=[ memcpyHtoD ] gputime=[ 5.664 ] cputime=[ 3.682 ] 
method=[ _ZN6thrust6detail6device4cuda6detail9fast_scan14scan_intervalsILj128ELj6ENS_12zip_iteratorINS_5tupleINS0_15normal_iteratorINS_10device_ptrIiEEEENS8_INS9_IjEEEENS_9null_typeESE_SE_SE_SE_SE_SE_SE_EEEESG_NS1_7generic6detail21reduce_by_key_functorIijNS_4plusIiEEEEEEvT1_jjT2_PNS_14iterator_valueISO_E4typeET3_ ] gputime=[ 8408.608 ] cputime=[ 8426.277 ] occupancy=[ 0.333 ] branch=[ 116281 ] warp_serialize=[ 1476266 ] cta_launched=[ 4 ] 
method=[ _ZN6thrust6detail6device4cuda6detail9fast_scan14scan_intervalsILj128ELj6EPNS_5tupleIijNS_9null_typeES7_S7_S7_S7_S7_S7_S7_EES9_NS1_7generic6detail21reduce_by_key_functorIijNS_4plusIiEEEEEEvT1_jjT2_PNS_14iterator_valueISH_E4typeET3_ ] gputime=[ 693.408 ] cputime=[ 710.208 ] occupancy=[ 0.167 ] branch=[ 0 ] warp_serialize=[ 0 ] cta_launched=[ 1 ] 
method=[ _ZN6thrust6detail6device4cuda6detail9fast_scan16inclusive_updateILj256ENS_12zip_iteratorINS_5tupleINS0_15normal_iteratorINS_10device_ptrIiEEEENS8_INS9_IjEEEENS_9null_typeESE_SE_SE_SE_SE_SE_SE_EEEENS7_IijSE_SE_SE_SE_SE_SE_SE_SE_EENS1_7generic6detail21reduce_by_key_functorIijNS_4plusIiEEEEEEvT0_jjPT1_T2_ ] gputime=[ 2020.064 ] cputime=[ 2037.952 ] occupancy=[ 1.000 ] branch=[ 39144 ] warp_serialize=[ 0 ] cta_launched=[ 4 ] 
method=[ _ZN6thrust6detail6device4cuda6detail9fast_scan14scan_intervalsILj128ELj6ENS0_15normal_iteratorINS_10device_ptrIjEEEES9_NS_4plusIjEEEEvT1_jjT2_PNS_14iterator_valueISD_E4typeET3_ ] gputime=[ 4197.760 ] cputime=[ 4215.724 ] occupancy=[ 0.333 ] branch=[ 58076 ] warp_serialize=[ 188258 ] cta_launched=[ 4 ] 
method=[ _ZN6thrust6detail6device4cuda6detail9fast_scan14scan_intervalsILj128ELj6EPjS6_NS_4plusIjEEEEvT1_jjT2_PNS_14iterator_valueISA_E4typeET3_ ] gputime=[ 21.312 ] cputime=[ 38.970 ] occupancy=[ 0.167 ] branch=[ 243 ] warp_serialize=[ 0 ] cta_launched=[ 1 ] 
method=[ _ZN6thrust6detail6device4cuda6detail9fast_scan16exclusive_updateILj256ENS0_15normal_iteratorINS_10device_ptrIjEEEEjNS_4plusIjEEEEvT0_jjPT1_SD_T2_ ] gputime=[ 1793.152 ] cputime=[ 1811.532 ] occupancy=[ 1.000 ] branch=[ 95647 ] warp_serialize=[ 0 ] cta_launched=[ 4 ] 
method=[ memcpyDtoH ] gputime=[ 7.072 ] cputime=[ 27.196 ] 
method=[ _ZN6thrust6detail6device4cuda6detail23launch_closure_by_valueINS2_18for_each_n_closureINS_12zip_iteratorINS_5tupleINS0_15normal_iteratorINS_10device_ptrIiEEEENS8_INS9_IjEEEENS_20permutation_iteratorISB_SD_EENS_9null_typeESG_SG_SG_SG_SG_SG_EEEEjNS0_33device_unary_transform_if_functorINS_8identityIiEENSK_IjEEEEEEEEvT_ ] gputime=[ 854.784 ] cputime=[ 885.124 ] occupancy=[ 1.000 ] branch=[ 15648 ] warp_serialize=[ 0 ] cta_launched=[ 4 ] 
method=[ _ZN6thrust6detail6device4cuda6detail23launch_closure_by_valueINS2_18for_each_n_closureINS_12zip_iteratorINS_5tupleINS0_15normal_iteratorINS_10device_ptrIiEEEENS8_INS9_IjEEEENS_20permutation_iteratorISB_SD_EENS_9null_typeESG_SG_SG_SG_SG_SG_EEEEjNS0_33device_unary_transform_if_functorINS_8identityIiEENSK_IjEEEEEEEEvT_ ] gputime=[ 856.384 ] cputime=[ 873.557 ] occupancy=[ 1.000 ] branch=[ 15648 ] warp_serialize=[ 0 ] cta_launched=[ 4 ] 
method=[ memcpyDtoD ] gputime=[ 6.144 ] cputime=[ 29.186 ] 
method=[ _ZN6thrust6detail6device4cuda6detail23launch_closure_by_valueINS2_18for_each_n_closureINS_12zip_iteratorINS_5tupleINS0_15normal_iteratorINS_10device_ptrIiEEEENS_20permutation_iteratorISB_SB_EENS_9null_typeESE_SE_SE_SE_SE_SE_SE_EEEEjNS0_30device_unary_transform_functorINS_8identityIiEEEEEEEEvT_ ] gputime=[ 3.968 ] cputime=[ 22.194 ] occupancy=[ 0.500 ] branch=[ 16 ] warp_serialize=[ 0 ] cta_launched=[ 1 ] 
method=[ _ZN6thrust6detail6device4cuda6detail23launch_closure_by_valueINS2_18for_each_n_closureINS_12zip_iteratorINS_5tupleINS_17counting_iteratorIiNS_11use_defaultES9_S9_EENS0_15normal_iteratorINS_10device_ptrIiEEEENS_9null_typeESF_SF_SF_SF_SF_SF_SF_EEEEjNS1_7generic6detail21binary_search_functorISE_NS_4lessIiEENSJ_3lbfEEEEEEEvT_ ] gputime=[ 39.232 ] cputime=[ 57.143 ] occupancy=[ 0.500 ] branch=[ 0 ] warp_serialize=[ 0 ] cta_launched=[ 1 ] 
method=[ _ZN6thrust6detail6device4cuda6detail23launch_closure_by_valueINS2_18for_each_n_closureINS_12zip_iteratorINS_5tupleINS_17counting_iteratorIiNS_11use_defaultES9_S9_EENS0_15normal_iteratorINS_10device_ptrIiEEEENS_9null_typeESF_SF_SF_SF_SF_SF_SF_EEEEjNS1_7generic6detail21binary_search_functorISE_NS_4lessIiEENSJ_3ubfEEEEEEEvT_ ] gputime=[ 30.464 ] cputime=[ 48.264 ] occupancy=[ 0.500 ] branch=[ 109 ] warp_serialize=[ 0 ] cta_launched=[ 1 ] 
method=[ _ZN6thrust6detail6device4cuda6detail23launch_closure_by_valueINS2_18for_each_n_closureINS_12zip_iteratorINS_5tupleINS0_15normal_iteratorINS_10device_ptrIiEEEESB_SB_NS_9null_typeESC_SC_SC_SC_SC_SC_EEEEjNS0_31device_binary_transform_functorIN9thrusting6detail27BUCKET_INDEXING_LOCAL_MINUSIiiEEEEEEEEvT_ ] gputime=[ 4.160 ] cputime=[ 22.104 ] occupancy=[ 0.500 ] branch=[ 0 ] warp_serialize=[ 0 ] cta_launched=[ 1 ] 
method=[ _ZN6thrust6detail6device4cuda6detail23launch_closure_by_valueINS2_18for_each_n_closureINS_12zip_iteratorINS_5tupleINS0_15normal_iteratorINS_10device_ptrIiEEEESB_SB_NS_9null_typeESC_SC_SC_SC_SC_SC_EEEEjNS0_33device_unary_transform_if_functorIN9thrusting6detail16constant_functorIiiEENSH_9binder1stINSH_7flipperINS_8equal_toIiEEEEEEEEEEEEvT_ ] gputime=[ 3.200 ] cputime=[ 21.441 ] occupancy=[ 0.500 ] branch=[ 16 ] warp_serialize=[ 0 ] cta_launched=[ 1 ] 
